<?xml version="1.0" encoding="UTF-8"?>
<!-- Generated by org.testng.reporters.JUnitXMLReporter -->
<testsuite ignored="0" hostname="DESKTOP-IB8VU3R" failures="0" tests="4" name="Test" time="11.149" errors="0" timestamp="2024-10-27T11:59:16 IST">
  <testcase classname="Api_Channing.create_user" name="test_createuser" time="6.501"/>
  <testcase classname="Api_Channing.get_user" name="test_getuser" time="1.571"/>
  <testcase classname="Api_Channing.update_user" name="test_updateuser" time="1.551"/>
  <testcase classname="Api_Channing.delete_user" name="test_deleteuser" time="1.43"/>
</testsuite> <!-- Test -->
