<?xml version="1.0" encoding="UTF-8"?>
<testng-results ignored="0" total="4" passed="4" failed="0" skipped="0">
  <reporter-output>
  </reporter-output>
  <suite started-at="2024-10-27T11:59:58 IST" name="Suite" finished-at="2024-10-27T12:00:09 IST" duration-ms="10917">
    <groups>
    </groups>
    <test started-at="2024-10-27T11:59:58 IST" name="Test1" finished-at="2024-10-27T12:00:04 IST" duration-ms="6094">
      <class name="Api_Channing.create_user">
        <test-method signature="test_createuser(org.testng.ITestContext)[pri:0, instance:Api_Channing.create_user@4b741d6d]" started-at="2024-10-27T11:59:58 IST" name="test_createuser" finished-at="2024-10-27T12:00:04 IST" duration-ms="6010" status="PASS">
          <params>
            <param index="0">
              <value>
                <![CDATA[org.testng.TestRunner@7f2cfe3f]]>
              </value>
            </param>
          </params>
          <reporter-output>
          </reporter-output>
        </test-method> <!-- test_createuser -->
      </class> <!-- Api_Channing.create_user -->
    </test> <!-- Test1 -->
    <test started-at="2024-10-27T12:00:05 IST" name="Test2" finished-at="2024-10-27T12:00:06 IST" duration-ms="1177">
      <class name="Api_Channing.get_user">
        <test-method signature="test_getuser(org.testng.ITestContext)[pri:0, instance:Api_Channing.get_user@2b30a42c]" started-at="2024-10-27T12:00:05 IST" name="test_getuser" finished-at="2024-10-27T12:00:06 IST" duration-ms="1173" status="PASS">
          <params>
            <param index="0">
              <value>
                <![CDATA[org.testng.TestRunner@6eb5b9e7]]>
              </value>
            </param>
          </params>
          <reporter-output>
          </reporter-output>
        </test-method> <!-- test_getuser -->
      </class> <!-- Api_Channing.get_user -->
    </test> <!-- Test2 -->
    <test started-at="2024-10-27T12:00:06 IST" name="Test3" finished-at="2024-10-27T12:00:08 IST" duration-ms="1854">
      <class name="Api_Channing.update_user">
        <test-method signature="test_updateuser(org.testng.ITestContext)[pri:0, instance:Api_Channing.update_user@43df23d3]" started-at="2024-10-27T12:00:06 IST" name="test_updateuser" finished-at="2024-10-27T12:00:08 IST" duration-ms="1848" status="PASS">
          <params>
            <param index="0">
              <value>
                <![CDATA[org.testng.TestRunner@11dbcb3b]]>
              </value>
            </param>
          </params>
          <reporter-output>
          </reporter-output>
        </test-method> <!-- test_updateuser -->
      </class> <!-- Api_Channing.update_user -->
    </test> <!-- Test3 -->
    <test started-at="2024-10-27T12:00:08 IST" name="Test4" finished-at="2024-10-27T12:00:09 IST" duration-ms="1645">
      <class name="Api_Channing.delete_user">
        <test-method signature="test_deleteuser(org.testng.ITestContext)[pri:0, instance:Api_Channing.delete_user@73eb439a]" started-at="2024-10-27T12:00:08 IST" name="test_deleteuser" finished-at="2024-10-27T12:00:09 IST" duration-ms="1636" status="PASS">
          <params>
            <param index="0">
              <value>
                <![CDATA[org.testng.TestRunner@11b74ecb]]>
              </value>
            </param>
          </params>
          <reporter-output>
          </reporter-output>
        </test-method> <!-- test_deleteuser -->
      </class> <!-- Api_Channing.delete_user -->
    </test> <!-- Test4 -->
  </suite> <!-- Suite -->
</testng-results>
